#! /home1/c/cis571/tools/bin/vvp
:ivl_version "11.0 (stable)" "(v11_0)";
:ivl_delay_selection "TYPICAL";
:vpi_time_precision - 12;
:vpi_module "/home1/c/cis571/tools/lib64/ivl/system.vpi";
:vpi_module "/home1/c/cis571/tools/lib64/ivl/vhdl_sys.vpi";
:vpi_module "/home1/c/cis571/tools/lib64/ivl/vhdl_textio.vpi";
:vpi_module "/home1/c/cis571/tools/lib64/ivl/v2005_math.vpi";
:vpi_module "/home1/c/cis571/tools/lib64/ivl/va_math.vpi";
S_0x1e5a7d0 .scope module, "test_adders" "test_adders" 2 14;
 .timescale -9 -12;
L_0x7fb3c2470060 .functor BUFT 1, C4<0>, C4<0>, C4<0>, C4<0>;
v0x1e90020_0 .net *"_ivl_10", 0 0, L_0x7fb3c2470060;  1 drivers
v0x1e90100_0 .net *"_ivl_11", 1 0, L_0x1e92c60;  1 drivers
v0x1e901e0_0 .net *"_ivl_13", 1 0, L_0x1e92e10;  1 drivers
L_0x7fb3c24700a8 .functor BUFT 1, C4<0>, C4<0>, C4<0>, C4<0>;
v0x1e902d0_0 .net *"_ivl_16", 0 0, L_0x7fb3c24700a8;  1 drivers
v0x1e903b0_0 .net *"_ivl_17", 1 0, L_0x1e92f40;  1 drivers
v0x1e904e0_0 .net *"_ivl_22", 2 0, L_0x1e93ed0;  1 drivers
L_0x7fb3c24700f0 .functor BUFT 1, C4<0>, C4<0>, C4<0>, C4<0>;
v0x1e905c0_0 .net *"_ivl_25", 0 0, L_0x7fb3c24700f0;  1 drivers
v0x1e906a0_0 .net *"_ivl_26", 2 0, L_0x1e94060;  1 drivers
L_0x7fb3c2470138 .functor BUFT 1, C4<0>, C4<0>, C4<0>, C4<0>;
v0x1e90780_0 .net *"_ivl_29", 0 0, L_0x7fb3c2470138;  1 drivers
v0x1e908f0_0 .net *"_ivl_3", 1 0, L_0x1e92a50;  1 drivers
v0x1e909d0_0 .net *"_ivl_30", 2 0, L_0x1e94190;  1 drivers
v0x1e90ab0_0 .net *"_ivl_32", 2 0, L_0x1e943b0;  1 drivers
L_0x7fb3c2470180 .functor BUFT 1, C4<00>, C4<0>, C4<0>, C4<0>;
v0x1e90b90_0 .net *"_ivl_35", 1 0, L_0x7fb3c2470180;  1 drivers
v0x1e90c70_0 .net *"_ivl_36", 2 0, L_0x1e944a0;  1 drivers
v0x1e90d50_0 .net *"_ivl_42", 3 0, L_0x1e96a10;  1 drivers
L_0x7fb3c2470018 .functor BUFT 1, C4<0>, C4<0>, C4<0>, C4<0>;
v0x1e90e30_0 .net *"_ivl_6", 0 0, L_0x7fb3c2470018;  1 drivers
v0x1e90f10_0 .net *"_ivl_7", 1 0, L_0x1e92b40;  1 drivers
v0x1e90ff0_0 .var "a", 0 0;
v0x1e91090_0 .var "a2", 1 0;
v0x1e91150_0 .var "a4", 3 0;
v0x1e91210_0 .net "actual_fa2_cout", 0 0, L_0x1e93990;  1 drivers
v0x1e912b0_0 .net "actual_fa2_sum", 1 0, L_0x1e93ca0;  1 drivers
v0x1e91370_0 .net "actual_fa_cout", 0 0, L_0x1e927c0;  1 drivers
v0x1e91440_0 .net "actual_fa_sum", 0 0, L_0x1e925f0;  1 drivers
v0x1e91530_0 .net "actual_ha_cout", 0 0, L_0x1e92420;  1 drivers
v0x1e915d0_0 .net "actual_ha_sum", 0 0, L_0x1e92290;  1 drivers
v0x1e916a0_0 .net "actual_rca4_sum", 7 0, L_0x1e966b0;  1 drivers
v0x1e91770_0 .var "b", 0 0;
v0x1e91810_0 .var "b2", 1 0;
v0x1e918e0_0 .var "b4", 3 0;
v0x1e91980_0 .var "cin", 0 0;
v0x1e91a20_0 .var/i "errors", 31 0;
v0x1e91ac0_0 .net "exp_fa2_cout", 0 0, L_0x1e93d40;  1 drivers
v0x1e91d90_0 .net "exp_fa2_sum", 1 0, L_0x1e93e30;  1 drivers
v0x1e91e70_0 .net "exp_fa_cout", 0 0, L_0x1e928c0;  1 drivers
v0x1e91f30_0 .net "exp_fa_sum", 0 0, L_0x1e92960;  1 drivers
v0x1e91ff0_0 .net "exp_rca4_sum", 3 0, L_0x1e968e0;  1 drivers
v0x1e920d0_0 .var/i "i", 31 0;
v0x1e921b0_0 .var/i "tests", 31 0;
L_0x1e928c0 .part L_0x1e92f40, 1, 1;
L_0x1e92960 .part L_0x1e92f40, 0, 1;
L_0x1e92a50 .concat [ 1 1 0 0], v0x1e90ff0_0, L_0x7fb3c2470018;
L_0x1e92b40 .concat [ 1 1 0 0], v0x1e91770_0, L_0x7fb3c2470060;
L_0x1e92c60 .arith/sum 2, L_0x1e92a50, L_0x1e92b40;
L_0x1e92e10 .concat [ 1 1 0 0], v0x1e91980_0, L_0x7fb3c24700a8;
L_0x1e92f40 .arith/sum 2, L_0x1e92c60, L_0x1e92e10;
L_0x1e93d40 .part L_0x1e944a0, 2, 1;
L_0x1e93e30 .part L_0x1e944a0, 0, 2;
L_0x1e93ed0 .concat [ 2 1 0 0], v0x1e91090_0, L_0x7fb3c24700f0;
L_0x1e94060 .concat [ 2 1 0 0], v0x1e91810_0, L_0x7fb3c2470138;
L_0x1e94190 .arith/sum 3, L_0x1e93ed0, L_0x1e94060;
L_0x1e943b0 .concat [ 1 2 0 0], v0x1e91980_0, L_0x7fb3c2470180;
L_0x1e944a0 .arith/sum 3, L_0x1e94190, L_0x1e943b0;
L_0x1e96840 .concat [ 4 4 0 0], v0x1e91150_0, v0x1e918e0_0;
L_0x1e968e0 .part L_0x1e96a10, 0, 4;
L_0x1e96a10 .arith/sum 4, v0x1e91150_0, v0x1e918e0_0;
S_0x1e55580 .scope module, "fa" "fulladder" 2 31, 3 20 0, S_0x1e5a7d0;
 .timescale -9 -12;
    .port_info 0 /INPUT 1 "cin";
    .port_info 1 /INPUT 1 "a";
    .port_info 2 /INPUT 1 "b";
    .port_info 3 /OUTPUT 1 "s";
    .port_info 4 /OUTPUT 1 "cout";
L_0x1e927c0 .functor OR 1, L_0x1e92560, L_0x1e92730, C4<0>, C4<0>;
v0x1e85280_0 .net "a", 0 0, v0x1e90ff0_0;  1 drivers
v0x1e85340_0 .net "b", 0 0, v0x1e91770_0;  1 drivers
v0x1e85410_0 .net "cin", 0 0, v0x1e91980_0;  1 drivers
v0x1e85510_0 .net "cout", 0 0, L_0x1e927c0;  alias, 1 drivers
v0x1e855b0_0 .net "cout_tmp1", 0 0, L_0x1e92560;  1 drivers
v0x1e856a0_0 .net "cout_tmp2", 0 0, L_0x1e92730;  1 drivers
v0x1e85770_0 .net "s", 0 0, L_0x1e925f0;  alias, 1 drivers
v0x1e85840_0 .net "s_tmp", 0 0, L_0x1e924b0;  1 drivers
S_0x1e5b1b0 .scope module, "h0" "halfadder" 3 27, 3 10 0, S_0x1e55580;
 .timescale -9 -12;
    .port_info 0 /INPUT 1 "a";
    .port_info 1 /INPUT 1 "b";
    .port_info 2 /OUTPUT 1 "s";
    .port_info 3 /OUTPUT 1 "cout";
L_0x1e924b0 .functor XOR 1, v0x1e90ff0_0, v0x1e91770_0, C4<0>, C4<0>;
L_0x1e92560 .functor AND 1, v0x1e90ff0_0, v0x1e91770_0, C4<1>, C4<1>;
v0x1e565a0_0 .net "a", 0 0, v0x1e90ff0_0;  alias, 1 drivers
v0x1e84a60_0 .net "b", 0 0, v0x1e91770_0;  alias, 1 drivers
v0x1e84b20_0 .net "cout", 0 0, L_0x1e92560;  alias, 1 drivers
v0x1e84bc0_0 .net "s", 0 0, L_0x1e924b0;  alias, 1 drivers
S_0x1e84d00 .scope module, "h1" "halfadder" 3 28, 3 10 0, S_0x1e55580;
 .timescale -9 -12;
    .port_info 0 /INPUT 1 "a";
    .port_info 1 /INPUT 1 "b";
    .port_info 2 /OUTPUT 1 "s";
    .port_info 3 /OUTPUT 1 "cout";
L_0x1e925f0 .functor XOR 1, L_0x1e924b0, v0x1e91980_0, C4<0>, C4<0>;
L_0x1e92730 .functor AND 1, L_0x1e924b0, v0x1e91980_0, C4<1>, C4<1>;
v0x1e84f00_0 .net "a", 0 0, L_0x1e924b0;  alias, 1 drivers
v0x1e84fa0_0 .net "b", 0 0, v0x1e91980_0;  alias, 1 drivers
v0x1e85040_0 .net "cout", 0 0, L_0x1e92730;  alias, 1 drivers
v0x1e85110_0 .net "s", 0 0, L_0x1e925f0;  alias, 1 drivers
S_0x1e85930 .scope module, "fa2" "fulladder2" 2 39, 3 33 0, S_0x1e5a7d0;
 .timescale -9 -12;
    .port_info 0 /INPUT 1 "cin";
    .port_info 1 /INPUT 2 "a";
    .port_info 2 /INPUT 2 "b";
    .port_info 3 /OUTPUT 2 "s";
    .port_info 4 /OUTPUT 1 "cout";
v0x1e88490_0 .net "a", 1 0, v0x1e91090_0;  1 drivers
v0x1e88590_0 .net "b", 1 0, v0x1e91810_0;  1 drivers
v0x1e88670_0 .net "cin", 0 0, v0x1e91980_0;  alias, 1 drivers
v0x1e88710_0 .net "cout", 0 0, L_0x1e93990;  alias, 1 drivers
v0x1e887e0_0 .net "cout_tmp", 0 0, L_0x1e93310;  1 drivers
v0x1e88880_0 .net "s", 1 0, L_0x1e93ca0;  alias, 1 drivers
L_0x1e933a0 .part v0x1e91090_0, 0, 1;
L_0x1e93460 .part v0x1e91810_0, 0, 1;
L_0x1e93a40 .part v0x1e91090_0, 1, 1;
L_0x1e93b70 .part v0x1e91810_0, 1, 1;
L_0x1e93ca0 .concat8 [ 1 1 0 0], L_0x1e931e0, L_0x1e93770;
S_0x1e85b10 .scope module, "a0" "fulladder" 3 40, 3 20 0, S_0x1e85930;
 .timescale -9 -12;
    .port_info 0 /INPUT 1 "cin";
    .port_info 1 /INPUT 1 "a";
    .port_info 2 /INPUT 1 "b";
    .port_info 3 /OUTPUT 1 "s";
    .port_info 4 /OUTPUT 1 "cout";
L_0x1e93310 .functor OR 1, L_0x1e93120, L_0x1e932a0, C4<0>, C4<0>;
v0x1e86960_0 .net "a", 0 0, L_0x1e933a0;  1 drivers
v0x1e86a20_0 .net "b", 0 0, L_0x1e93460;  1 drivers
v0x1e86af0_0 .net "cin", 0 0, v0x1e91980_0;  alias, 1 drivers
v0x1e86bc0_0 .net "cout", 0 0, L_0x1e93310;  alias, 1 drivers
v0x1e86c60_0 .net "cout_tmp1", 0 0, L_0x1e93120;  1 drivers
v0x1e86d50_0 .net "cout_tmp2", 0 0, L_0x1e932a0;  1 drivers
v0x1e86e20_0 .net "s", 0 0, L_0x1e931e0;  1 drivers
v0x1e86ef0_0 .net "s_tmp", 0 0, L_0x1e92d00;  1 drivers
S_0x1e85da0 .scope module, "h0" "halfadder" 3 27, 3 10 0, S_0x1e85b10;
 .timescale -9 -12;
    .port_info 0 /INPUT 1 "a";
    .port_info 1 /INPUT 1 "b";
    .port_info 2 /OUTPUT 1 "s";
    .port_info 3 /OUTPUT 1 "cout";
L_0x1e92d00 .functor XOR 1, L_0x1e933a0, L_0x1e93460, C4<0>, C4<0>;
L_0x1e93120 .functor AND 1, L_0x1e933a0, L_0x1e93460, C4<1>, C4<1>;
v0x1e85fd0_0 .net "a", 0 0, L_0x1e933a0;  alias, 1 drivers
v0x1e860b0_0 .net "b", 0 0, L_0x1e93460;  alias, 1 drivers
v0x1e86170_0 .net "cout", 0 0, L_0x1e93120;  alias, 1 drivers
v0x1e86240_0 .net "s", 0 0, L_0x1e92d00;  alias, 1 drivers
S_0x1e863b0 .scope module, "h1" "halfadder" 3 28, 3 10 0, S_0x1e85b10;
 .timescale -9 -12;
    .port_info 0 /INPUT 1 "a";
    .port_info 1 /INPUT 1 "b";
    .port_info 2 /OUTPUT 1 "s";
    .port_info 3 /OUTPUT 1 "cout";
L_0x1e931e0 .functor XOR 1, L_0x1e92d00, v0x1e91980_0, C4<0>, C4<0>;
L_0x1e932a0 .functor AND 1, L_0x1e92d00, v0x1e91980_0, C4<1>, C4<1>;
v0x1e865b0_0 .net "a", 0 0, L_0x1e92d00;  alias, 1 drivers
v0x1e86680_0 .net "b", 0 0, v0x1e91980_0;  alias, 1 drivers
v0x1e86770_0 .net "cout", 0 0, L_0x1e932a0;  alias, 1 drivers
v0x1e86810_0 .net "s", 0 0, L_0x1e931e0;  alias, 1 drivers
S_0x1e86fe0 .scope module, "a1" "fulladder" 3 41, 3 20 0, S_0x1e85930;
 .timescale -9 -12;
    .port_info 0 /INPUT 1 "cin";
    .port_info 1 /INPUT 1 "a";
    .port_info 2 /INPUT 1 "b";
    .port_info 3 /OUTPUT 1 "s";
    .port_info 4 /OUTPUT 1 "cout";
L_0x1e93990 .functor OR 1, L_0x1e93690, L_0x1e93900, C4<0>, C4<0>;
v0x1e87df0_0 .net "a", 0 0, L_0x1e93a40;  1 drivers
v0x1e87eb0_0 .net "b", 0 0, L_0x1e93b70;  1 drivers
v0x1e87f80_0 .net "cin", 0 0, L_0x1e93310;  alias, 1 drivers
v0x1e880a0_0 .net "cout", 0 0, L_0x1e93990;  alias, 1 drivers
v0x1e88140_0 .net "cout_tmp1", 0 0, L_0x1e93690;  1 drivers
v0x1e88230_0 .net "cout_tmp2", 0 0, L_0x1e93900;  1 drivers
v0x1e882d0_0 .net "s", 0 0, L_0x1e93770;  1 drivers
v0x1e883a0_0 .net "s_tmp", 0 0, L_0x1e93590;  1 drivers
S_0x1e87260 .scope module, "h0" "halfadder" 3 27, 3 10 0, S_0x1e86fe0;
 .timescale -9 -12;
    .port_info 0 /INPUT 1 "a";
    .port_info 1 /INPUT 1 "b";
    .port_info 2 /OUTPUT 1 "s";
    .port_info 3 /OUTPUT 1 "cout";
L_0x1e93590 .functor XOR 1, L_0x1e93a40, L_0x1e93b70, C4<0>, C4<0>;
L_0x1e93690 .functor AND 1, L_0x1e93a40, L_0x1e93b70, C4<1>, C4<1>;
v0x1e87470_0 .net "a", 0 0, L_0x1e93a40;  alias, 1 drivers
v0x1e87550_0 .net "b", 0 0, L_0x1e93b70;  alias, 1 drivers
v0x1e87610_0 .net "cout", 0 0, L_0x1e93690;  alias, 1 drivers
v0x1e876e0_0 .net "s", 0 0, L_0x1e93590;  alias, 1 drivers
S_0x1e87850 .scope module, "h1" "halfadder" 3 28, 3 10 0, S_0x1e86fe0;
 .timescale -9 -12;
    .port_info 0 /INPUT 1 "a";
    .port_info 1 /INPUT 1 "b";
    .port_info 2 /OUTPUT 1 "s";
    .port_info 3 /OUTPUT 1 "cout";
L_0x1e93770 .functor XOR 1, L_0x1e93590, L_0x1e93310, C4<0>, C4<0>;
L_0x1e93900 .functor AND 1, L_0x1e93590, L_0x1e93310, C4<1>, C4<1>;
v0x1e87a50_0 .net "a", 0 0, L_0x1e93590;  alias, 1 drivers
v0x1e87b20_0 .net "b", 0 0, L_0x1e93310;  alias, 1 drivers
v0x1e87bf0_0 .net "cout", 0 0, L_0x1e93900;  alias, 1 drivers
v0x1e87cc0_0 .net "s", 0 0, L_0x1e93770;  alias, 1 drivers
S_0x1e889c0 .scope module, "ha" "halfadder" 2 26, 3 10 0, S_0x1e5a7d0;
 .timescale -9 -12;
    .port_info 0 /INPUT 1 "a";
    .port_info 1 /INPUT 1 "b";
    .port_info 2 /OUTPUT 1 "s";
    .port_info 3 /OUTPUT 1 "cout";
L_0x1e92290 .functor XOR 1, v0x1e90ff0_0, v0x1e91770_0, C4<0>, C4<0>;
L_0x1e92420 .functor AND 1, v0x1e90ff0_0, v0x1e91770_0, C4<1>, C4<1>;
v0x1e88bd0_0 .net "a", 0 0, v0x1e90ff0_0;  alias, 1 drivers
v0x1e88cc0_0 .net "b", 0 0, v0x1e91770_0;  alias, 1 drivers
v0x1e88dd0_0 .net "cout", 0 0, L_0x1e92420;  alias, 1 drivers
v0x1e88e70_0 .net "s", 0 0, L_0x1e92290;  alias, 1 drivers
S_0x1e88f90 .scope task, "printPoints" "printPoints" 4 1, 4 1 0, S_0x1e5a7d0;
 .timescale -9 -12;
v0x1e89170_0 .var "actual", 31 0;
v0x1e89270_0 .var "possible", 31 0;
TD_test_adders.printPoints ;
    %vpi_call 4 4 "$display", "<scorePossible>%d</scorePossible>", v0x1e89270_0 {0 0 0};
    %vpi_call 4 5 "$display", "<scoreActual>%d</scoreActual>", v0x1e89170_0 {0 0 0};
    %end;
S_0x1e89350 .scope module, "r0" "rca4" 2 45, 3 47 0, S_0x1e5a7d0;
 .timescale -9 -12;
    .port_info 0 /INPUT 8 "SWITCH";
    .port_info 1 /OUTPUT 8 "LED";
v0x1e8fc80_0 .net "LED", 7 0, L_0x1e966b0;  alias, 1 drivers
v0x1e8fd80_0 .net "SWITCH", 7 0, L_0x1e96840;  1 drivers
L_0x7fb3c2470210 .functor BUFT 1, C4<0000>, C4<0>, C4<0>, C4<0>;
v0x1e8fe60_0 .net/2u *"_ivl_17", 3 0, L_0x7fb3c2470210;  1 drivers
v0x1e8ff20_0 .net "cout0", 0 0, L_0x1e95010;  1 drivers
L_0x1e953c0 .part L_0x1e96840, 0, 2;
L_0x1e95460 .part L_0x1e96840, 4, 2;
L_0x1e964e0 .part L_0x1e96840, 2, 2;
L_0x1e96580 .part L_0x1e96840, 6, 2;
L_0x1e966b0 .concat8 [ 2 2 4 0], L_0x1e95320, L_0x1e96440, L_0x7fb3c2470210;
S_0x1e895a0 .scope module, "a0" "fulladder2" 3 50, 3 33 0, S_0x1e89350;
 .timescale -9 -12;
    .port_info 0 /INPUT 1 "cin";
    .port_info 1 /INPUT 2 "a";
    .port_info 2 /INPUT 2 "b";
    .port_info 3 /OUTPUT 2 "s";
    .port_info 4 /OUTPUT 1 "cout";
v0x1e8c360_0 .net "a", 1 0, L_0x1e953c0;  1 drivers
v0x1e8c460_0 .net "b", 1 0, L_0x1e95460;  1 drivers
L_0x7fb3c24701c8 .functor BUFT 1, C4<0>, C4<0>, C4<0>, C4<0>;
v0x1e8c540_0 .net "cin", 0 0, L_0x7fb3c24701c8;  1 drivers
v0x1e8c630_0 .net "cout", 0 0, L_0x1e95010;  alias, 1 drivers
v0x1e8c6d0_0 .net "cout_tmp", 0 0, L_0x1e949a0;  1 drivers
v0x1e8c7c0_0 .net "s", 1 0, L_0x1e95320;  1 drivers
L_0x1e94ac0 .part L_0x1e953c0, 0, 1;
L_0x1e94bf0 .part L_0x1e95460, 0, 1;
L_0x1e950c0 .part L_0x1e953c0, 1, 1;
L_0x1e951f0 .part L_0x1e95460, 1, 1;
L_0x1e95320 .concat8 [ 1 1 0 0], L_0x1e94750, L_0x1e94e40;
S_0x1e89820 .scope module, "a0" "fulladder" 3 40, 3 20 0, S_0x1e895a0;
 .timescale -9 -12;
    .port_info 0 /INPUT 1 "cin";
    .port_info 1 /INPUT 1 "a";
    .port_info 2 /INPUT 1 "b";
    .port_info 3 /OUTPUT 1 "s";
    .port_info 4 /OUTPUT 1 "cout";
L_0x1e949a0 .functor OR 1, L_0x1e94230, L_0x1e948a0, C4<0>, C4<0>;
v0x1e8a740_0 .net "a", 0 0, L_0x1e94ac0;  1 drivers
v0x1e8a800_0 .net "b", 0 0, L_0x1e94bf0;  1 drivers
v0x1e8a8d0_0 .net "cin", 0 0, L_0x7fb3c24701c8;  alias, 1 drivers
v0x1e8a9d0_0 .net "cout", 0 0, L_0x1e949a0;  alias, 1 drivers
v0x1e8aa70_0 .net "cout_tmp1", 0 0, L_0x1e94230;  1 drivers
v0x1e8ab60_0 .net "cout_tmp2", 0 0, L_0x1e948a0;  1 drivers
v0x1e8ac30_0 .net "s", 0 0, L_0x1e94750;  1 drivers
v0x1e8ad00_0 .net "s_tmp", 0 0, L_0x1e94340;  1 drivers
S_0x1e89aa0 .scope module, "h0" "halfadder" 3 27, 3 10 0, S_0x1e89820;
 .timescale -9 -12;
    .port_info 0 /INPUT 1 "a";
    .port_info 1 /INPUT 1 "b";
    .port_info 2 /OUTPUT 1 "s";
    .port_info 3 /OUTPUT 1 "cout";
L_0x1e94340 .functor XOR 1, L_0x1e94ac0, L_0x1e94bf0, C4<0>, C4<0>;
L_0x1e94230 .functor AND 1, L_0x1e94ac0, L_0x1e94bf0, C4<1>, C4<1>;
v0x1e89d40_0 .net "a", 0 0, L_0x1e94ac0;  alias, 1 drivers
v0x1e89e20_0 .net "b", 0 0, L_0x1e94bf0;  alias, 1 drivers
v0x1e89ee0_0 .net "cout", 0 0, L_0x1e94230;  alias, 1 drivers
v0x1e89fb0_0 .net "s", 0 0, L_0x1e94340;  alias, 1 drivers
S_0x1e8a120 .scope module, "h1" "halfadder" 3 28, 3 10 0, S_0x1e89820;
 .timescale -9 -12;
    .port_info 0 /INPUT 1 "a";
    .port_info 1 /INPUT 1 "b";
    .port_info 2 /OUTPUT 1 "s";
    .port_info 3 /OUTPUT 1 "cout";
L_0x1e94750 .functor XOR 1, L_0x1e94340, L_0x7fb3c24701c8, C4<0>, C4<0>;
L_0x1e948a0 .functor AND 1, L_0x1e94340, L_0x7fb3c24701c8, C4<1>, C4<1>;
v0x1e8a390_0 .net "a", 0 0, L_0x1e94340;  alias, 1 drivers
v0x1e8a460_0 .net "b", 0 0, L_0x7fb3c24701c8;  alias, 1 drivers
v0x1e8a500_0 .net "cout", 0 0, L_0x1e948a0;  alias, 1 drivers
v0x1e8a5d0_0 .net "s", 0 0, L_0x1e94750;  alias, 1 drivers
S_0x1e8adf0 .scope module, "a1" "fulladder" 3 41, 3 20 0, S_0x1e895a0;
 .timescale -9 -12;
    .port_info 0 /INPUT 1 "cin";
    .port_info 1 /INPUT 1 "a";
    .port_info 2 /INPUT 1 "b";
    .port_info 3 /OUTPUT 1 "s";
    .port_info 4 /OUTPUT 1 "cout";
L_0x1e95010 .functor OR 1, L_0x1e94db0, L_0x1e94f80, C4<0>, C4<0>;
v0x1e8bcc0_0 .net "a", 0 0, L_0x1e950c0;  1 drivers
v0x1e8bd80_0 .net "b", 0 0, L_0x1e951f0;  1 drivers
v0x1e8be50_0 .net "cin", 0 0, L_0x1e949a0;  alias, 1 drivers
v0x1e8bf70_0 .net "cout", 0 0, L_0x1e95010;  alias, 1 drivers
v0x1e8c010_0 .net "cout_tmp1", 0 0, L_0x1e94db0;  1 drivers
v0x1e8c100_0 .net "cout_tmp2", 0 0, L_0x1e94f80;  1 drivers
v0x1e8c1a0_0 .net "s", 0 0, L_0x1e94e40;  1 drivers
v0x1e8c270_0 .net "s_tmp", 0 0, L_0x1e94d20;  1 drivers
S_0x1e8b050 .scope module, "h0" "halfadder" 3 27, 3 10 0, S_0x1e8adf0;
 .timescale -9 -12;
    .port_info 0 /INPUT 1 "a";
    .port_info 1 /INPUT 1 "b";
    .port_info 2 /OUTPUT 1 "s";
    .port_info 3 /OUTPUT 1 "cout";
L_0x1e94d20 .functor XOR 1, L_0x1e950c0, L_0x1e951f0, C4<0>, C4<0>;
L_0x1e94db0 .functor AND 1, L_0x1e950c0, L_0x1e951f0, C4<1>, C4<1>;
v0x1e8b2d0_0 .net "a", 0 0, L_0x1e950c0;  alias, 1 drivers
v0x1e8b3b0_0 .net "b", 0 0, L_0x1e951f0;  alias, 1 drivers
v0x1e8b470_0 .net "cout", 0 0, L_0x1e94db0;  alias, 1 drivers
v0x1e8b540_0 .net "s", 0 0, L_0x1e94d20;  alias, 1 drivers
S_0x1e8b6b0 .scope module, "h1" "halfadder" 3 28, 3 10 0, S_0x1e8adf0;
 .timescale -9 -12;
    .port_info 0 /INPUT 1 "a";
    .port_info 1 /INPUT 1 "b";
    .port_info 2 /OUTPUT 1 "s";
    .port_info 3 /OUTPUT 1 "cout";
L_0x1e94e40 .functor XOR 1, L_0x1e94d20, L_0x1e949a0, C4<0>, C4<0>;
L_0x1e94f80 .functor AND 1, L_0x1e94d20, L_0x1e949a0, C4<1>, C4<1>;
v0x1e8b920_0 .net "a", 0 0, L_0x1e94d20;  alias, 1 drivers
v0x1e8b9f0_0 .net "b", 0 0, L_0x1e949a0;  alias, 1 drivers
v0x1e8bac0_0 .net "cout", 0 0, L_0x1e94f80;  alias, 1 drivers
v0x1e8bb90_0 .net "s", 0 0, L_0x1e94e40;  alias, 1 drivers
S_0x1e8c900 .scope module, "a3" "fulladder2" 3 51, 3 33 0, S_0x1e89350;
 .timescale -9 -12;
    .port_info 0 /INPUT 1 "cin";
    .port_info 1 /INPUT 2 "a";
    .port_info 2 /INPUT 2 "b";
    .port_info 3 /OUTPUT 2 "s";
    .port_info 4 /OUTPUT 1 "cout";
v0x1e8f6c0_0 .net "a", 1 0, L_0x1e964e0;  1 drivers
v0x1e8f7c0_0 .net "b", 1 0, L_0x1e96580;  1 drivers
v0x1e8f8a0_0 .net "cin", 0 0, L_0x1e95010;  alias, 1 drivers
v0x1e8f9d0_0 .net "cout", 0 0, L_0x1e960e0;  1 drivers
v0x1e8faa0_0 .net "cout_tmp", 0 0, L_0x1e95a90;  1 drivers
v0x1e8fb40_0 .net "s", 1 0, L_0x1e96440;  1 drivers
L_0x1e95b40 .part L_0x1e964e0, 0, 1;
L_0x1e95c70 .part L_0x1e96580, 0, 1;
L_0x1e961e0 .part L_0x1e964e0, 1, 1;
L_0x1e96310 .part L_0x1e96580, 1, 1;
L_0x1e96440 .concat8 [ 1 1 0 0], L_0x1e95760, L_0x1e95ec0;
S_0x1e8cb80 .scope module, "a0" "fulladder" 3 40, 3 20 0, S_0x1e8c900;
 .timescale -9 -12;
    .port_info 0 /INPUT 1 "cin";
    .port_info 1 /INPUT 1 "a";
    .port_info 2 /INPUT 1 "b";
    .port_info 3 /OUTPUT 1 "s";
    .port_info 4 /OUTPUT 1 "cout";
L_0x1e95a90 .functor OR 1, L_0x1e95680, L_0x1e958f0, C4<0>, C4<0>;
v0x1e8dab0_0 .net "a", 0 0, L_0x1e95b40;  1 drivers
v0x1e8db70_0 .net "b", 0 0, L_0x1e95c70;  1 drivers
v0x1e8dc40_0 .net "cin", 0 0, L_0x1e95010;  alias, 1 drivers
v0x1e8dd10_0 .net "cout", 0 0, L_0x1e95a90;  alias, 1 drivers
v0x1e8ddb0_0 .net "cout_tmp1", 0 0, L_0x1e95680;  1 drivers
v0x1e8dea0_0 .net "cout_tmp2", 0 0, L_0x1e958f0;  1 drivers
v0x1e8df70_0 .net "s", 0 0, L_0x1e95760;  1 drivers
v0x1e8e040_0 .net "s_tmp", 0 0, L_0x1e95550;  1 drivers
S_0x1e8ce10 .scope module, "h0" "halfadder" 3 27, 3 10 0, S_0x1e8cb80;
 .timescale -9 -12;
    .port_info 0 /INPUT 1 "a";
    .port_info 1 /INPUT 1 "b";
    .port_info 2 /OUTPUT 1 "s";
    .port_info 3 /OUTPUT 1 "cout";
L_0x1e95550 .functor XOR 1, L_0x1e95b40, L_0x1e95c70, C4<0>, C4<0>;
L_0x1e95680 .functor AND 1, L_0x1e95b40, L_0x1e95c70, C4<1>, C4<1>;
v0x1e8d0b0_0 .net "a", 0 0, L_0x1e95b40;  alias, 1 drivers
v0x1e8d190_0 .net "b", 0 0, L_0x1e95c70;  alias, 1 drivers
v0x1e8d250_0 .net "cout", 0 0, L_0x1e95680;  alias, 1 drivers
v0x1e8d320_0 .net "s", 0 0, L_0x1e95550;  alias, 1 drivers
S_0x1e8d490 .scope module, "h1" "halfadder" 3 28, 3 10 0, S_0x1e8cb80;
 .timescale -9 -12;
    .port_info 0 /INPUT 1 "a";
    .port_info 1 /INPUT 1 "b";
    .port_info 2 /OUTPUT 1 "s";
    .port_info 3 /OUTPUT 1 "cout";
L_0x1e95760 .functor XOR 1, L_0x1e95550, L_0x1e95010, C4<0>, C4<0>;
L_0x1e958f0 .functor AND 1, L_0x1e95550, L_0x1e95010, C4<1>, C4<1>;
v0x1e8d700_0 .net "a", 0 0, L_0x1e95550;  alias, 1 drivers
v0x1e8d7d0_0 .net "b", 0 0, L_0x1e95010;  alias, 1 drivers
v0x1e8d8c0_0 .net "cout", 0 0, L_0x1e958f0;  alias, 1 drivers
v0x1e8d960_0 .net "s", 0 0, L_0x1e95760;  alias, 1 drivers
S_0x1e8e130 .scope module, "a1" "fulladder" 3 41, 3 20 0, S_0x1e8c900;
 .timescale -9 -12;
    .port_info 0 /INPUT 1 "cin";
    .port_info 1 /INPUT 1 "a";
    .port_info 2 /INPUT 1 "b";
    .port_info 3 /OUTPUT 1 "s";
    .port_info 4 /OUTPUT 1 "cout";
L_0x1e960e0 .functor OR 1, L_0x1e95e30, L_0x1e96050, C4<0>, C4<0>;
v0x1e8f020_0 .net "a", 0 0, L_0x1e961e0;  1 drivers
v0x1e8f0e0_0 .net "b", 0 0, L_0x1e96310;  1 drivers
v0x1e8f1b0_0 .net "cin", 0 0, L_0x1e95a90;  alias, 1 drivers
v0x1e8f2d0_0 .net "cout", 0 0, L_0x1e960e0;  alias, 1 drivers
v0x1e8f370_0 .net "cout_tmp1", 0 0, L_0x1e95e30;  1 drivers
v0x1e8f460_0 .net "cout_tmp2", 0 0, L_0x1e96050;  1 drivers
v0x1e8f500_0 .net "s", 0 0, L_0x1e95ec0;  1 drivers
v0x1e8f5d0_0 .net "s_tmp", 0 0, L_0x1e95da0;  1 drivers
S_0x1e8e3b0 .scope module, "h0" "halfadder" 3 27, 3 10 0, S_0x1e8e130;
 .timescale -9 -12;
    .port_info 0 /INPUT 1 "a";
    .port_info 1 /INPUT 1 "b";
    .port_info 2 /OUTPUT 1 "s";
    .port_info 3 /OUTPUT 1 "cout";
L_0x1e95da0 .functor XOR 1, L_0x1e961e0, L_0x1e96310, C4<0>, C4<0>;
L_0x1e95e30 .functor AND 1, L_0x1e961e0, L_0x1e96310, C4<1>, C4<1>;
v0x1e8e630_0 .net "a", 0 0, L_0x1e961e0;  alias, 1 drivers
v0x1e8e710_0 .net "b", 0 0, L_0x1e96310;  alias, 1 drivers
v0x1e8e7d0_0 .net "cout", 0 0, L_0x1e95e30;  alias, 1 drivers
v0x1e8e8a0_0 .net "s", 0 0, L_0x1e95da0;  alias, 1 drivers
S_0x1e8ea10 .scope module, "h1" "halfadder" 3 28, 3 10 0, S_0x1e8e130;
 .timescale -9 -12;
    .port_info 0 /INPUT 1 "a";
    .port_info 1 /INPUT 1 "b";
    .port_info 2 /OUTPUT 1 "s";
    .port_info 3 /OUTPUT 1 "cout";
L_0x1e95ec0 .functor XOR 1, L_0x1e95da0, L_0x1e95a90, C4<0>, C4<0>;
L_0x1e96050 .functor AND 1, L_0x1e95da0, L_0x1e95a90, C4<1>, C4<1>;
v0x1e8ec80_0 .net "a", 0 0, L_0x1e95da0;  alias, 1 drivers
v0x1e8ed50_0 .net "b", 0 0, L_0x1e95a90;  alias, 1 drivers
v0x1e8ee20_0 .net "cout", 0 0, L_0x1e96050;  alias, 1 drivers
v0x1e8eef0_0 .net "s", 0 0, L_0x1e95ec0;  alias, 1 drivers
    .scope S_0x1e5a7d0;
T_1 ;
    %vpi_call 2 52 "$dumpfile", "rca.vcd" {0 0 0};
    %vpi_call 2 53 "$dumpvars" {0 0 0};
    %pushi/vec4 0, 0, 1;
    %store/vec4 v0x1e90ff0_0, 0, 1;
    %pushi/vec4 0, 0, 1;
    %store/vec4 v0x1e91770_0, 0, 1;
    %pushi/vec4 0, 0, 32;
    %store/vec4 v0x1e91a20_0, 0, 32;
    %pushi/vec4 0, 0, 32;
    %store/vec4 v0x1e921b0_0, 0, 32;
    %delay 100000, 0;
    %pushi/vec4 0, 0, 32;
    %store/vec4 v0x1e920d0_0, 0, 32;
T_1.0 ;
    %load/vec4 v0x1e920d0_0;
    %cmpi/s 3, 0, 32;
    %flag_or 5, 4;
    %jmp/0xz T_1.1, 5;
    %load/vec4 v0x1e920d0_0;
    %parti/s 1, 0, 2;
    %store/vec4 v0x1e90ff0_0, 0, 1;
    %load/vec4 v0x1e920d0_0;
    %parti/s 1, 1, 2;
    %store/vec4 v0x1e91770_0, 0, 1;
    %delay 6000, 0;
    %load/vec4 v0x1e921b0_0;
    %addi 2, 0, 32;
    %store/vec4 v0x1e921b0_0, 0, 32;
    %load/vec4 v0x1e920d0_0;
    %dup/vec4;
    %pushi/vec4 0, 0, 32;
    %cmp/u;
    %jmp/1 T_1.2, 6;
    %dup/vec4;
    %pushi/vec4 3, 0, 32;
    %cmp/u;
    %jmp/1 T_1.3, 6;
    %dup/vec4;
    %pushi/vec4 1, 0, 32;
    %cmp/u;
    %jmp/1 T_1.4, 6;
    %dup/vec4;
    %pushi/vec4 2, 0, 32;
    %cmp/u;
    %jmp/1 T_1.5, 6;
    %jmp T_1.6;
T_1.2 ;
    %load/vec4 v0x1e915d0_0;
    %pad/u 32;
    %cmpi/ne 0, 0, 32;
    %jmp/0xz  T_1.7, 6;
    %load/vec4 v0x1e91a20_0;
    %cmpi/s 15, 0, 32;
    %jmp/0xz  T_1.9, 5;
    %vpi_call 2 78 "$display", "[halfadder] ERROR: %b + %b should produce sum=0 but was %b instead", v0x1e90ff0_0, v0x1e91770_0, v0x1e915d0_0 {0 0 0};
T_1.9 ;
    %load/vec4 v0x1e91a20_0;
    %addi 1, 0, 32;
    %store/vec4 v0x1e91a20_0, 0, 32;
T_1.7 ;
    %jmp T_1.6;
T_1.3 ;
    %load/vec4 v0x1e915d0_0;
    %pad/u 32;
    %cmpi/ne 0, 0, 32;
    %jmp/0xz  T_1.11, 6;
    %load/vec4 v0x1e91a20_0;
    %cmpi/s 15, 0, 32;
    %jmp/0xz  T_1.13, 5;
    %vpi_call 2 78 "$display", "[halfadder] ERROR: %b + %b should produce sum=0 but was %b instead", v0x1e90ff0_0, v0x1e91770_0, v0x1e915d0_0 {0 0 0};
T_1.13 ;
    %load/vec4 v0x1e91a20_0;
    %addi 1, 0, 32;
    %store/vec4 v0x1e91a20_0, 0, 32;
T_1.11 ;
    %jmp T_1.6;
T_1.4 ;
    %load/vec4 v0x1e915d0_0;
    %pad/u 32;
    %cmpi/ne 1, 0, 32;
    %jmp/0xz  T_1.15, 6;
    %load/vec4 v0x1e91a20_0;
    %cmpi/s 15, 0, 32;
    %jmp/0xz  T_1.17, 5;
    %vpi_call 2 85 "$display", "[halfadder] ERROR: %b + %b should produce sum=1 but was %b instead", v0x1e90ff0_0, v0x1e91770_0, v0x1e915d0_0 {0 0 0};
T_1.17 ;
    %load/vec4 v0x1e91a20_0;
    %addi 1, 0, 32;
    %store/vec4 v0x1e91a20_0, 0, 32;
T_1.15 ;
    %jmp T_1.6;
T_1.5 ;
    %load/vec4 v0x1e915d0_0;
    %pad/u 32;
    %cmpi/ne 1, 0, 32;
    %jmp/0xz  T_1.19, 6;
    %load/vec4 v0x1e91a20_0;
    %cmpi/s 15, 0, 32;
    %jmp/0xz  T_1.21, 5;
    %vpi_call 2 85 "$display", "[halfadder] ERROR: %b + %b should produce sum=1 but was %b instead", v0x1e90ff0_0, v0x1e91770_0, v0x1e915d0_0 {0 0 0};
T_1.21 ;
    %load/vec4 v0x1e91a20_0;
    %addi 1, 0, 32;
    %store/vec4 v0x1e91a20_0, 0, 32;
T_1.19 ;
    %jmp T_1.6;
T_1.6 ;
    %pop/vec4 1;
    %load/vec4 v0x1e920d0_0;
    %cmpi/s 3, 0, 32;
    %flag_get/vec4 5;
    %pushi/vec4 0, 0, 32;
    %load/vec4 v0x1e91530_0;
    %pad/u 32;
    %cmp/ne;
    %flag_get/vec4 6;
    %and;
    %flag_set/vec4 8;
    %jmp/0xz  T_1.23, 8;
    %load/vec4 v0x1e91a20_0;
    %cmpi/s 15, 0, 32;
    %jmp/0xz  T_1.25, 5;
    %vpi_call 2 94 "$display", "[halfadder] ERROR: %b + %b should produce cout=0 but was %b instead", v0x1e90ff0_0, v0x1e91770_0, v0x1e91530_0 {0 0 0};
T_1.25 ;
    %load/vec4 v0x1e91a20_0;
    %addi 1, 0, 32;
    %store/vec4 v0x1e91a20_0, 0, 32;
T_1.23 ;
    %load/vec4 v0x1e920d0_0;
    %pushi/vec4 3, 0, 32;
    %cmp/e;
    %flag_get/vec4 4;
    %pushi/vec4 1, 0, 32;
    %load/vec4 v0x1e91530_0;
    %pad/u 32;
    %cmp/ne;
    %flag_get/vec4 6;
    %and;
    %flag_set/vec4 8;
    %jmp/0xz  T_1.27, 8;
    %load/vec4 v0x1e91a20_0;
    %cmpi/s 15, 0, 32;
    %jmp/0xz  T_1.29, 5;
    %vpi_call 2 100 "$display", "[halfadder] ERROR: %b + %b should produce cout=1 but was %b instead", v0x1e90ff0_0, v0x1e91770_0, v0x1e91530_0 {0 0 0};
T_1.29 ;
    %load/vec4 v0x1e91a20_0;
    %addi 1, 0, 32;
    %store/vec4 v0x1e91a20_0, 0, 32;
T_1.27 ;
    %load/vec4 v0x1e920d0_0;
    %addi 1, 0, 32;
    %store/vec4 v0x1e920d0_0, 0, 32;
    %jmp T_1.0;
T_1.1 ;
    %pushi/vec4 0, 0, 32;
    %store/vec4 v0x1e920d0_0, 0, 32;
T_1.31 ;
    %load/vec4 v0x1e920d0_0;
    %cmpi/s 7, 0, 32;
    %flag_or 5, 4;
    %jmp/0xz T_1.32, 5;
    %load/vec4 v0x1e920d0_0;
    %parti/s 1, 0, 2;
    %store/vec4 v0x1e90ff0_0, 0, 1;
    %load/vec4 v0x1e920d0_0;
    %parti/s 1, 1, 2;
    %store/vec4 v0x1e91770_0, 0, 1;
    %load/vec4 v0x1e920d0_0;
    %parti/s 1, 2, 3;
    %store/vec4 v0x1e91980_0, 0, 1;
    %delay 6000, 0;
    %load/vec4 v0x1e921b0_0;
    %addi 2, 0, 32;
    %store/vec4 v0x1e921b0_0, 0, 32;
    %load/vec4 v0x1e91e70_0;
    %load/vec4 v0x1e91370_0;
    %cmp/ne;
    %jmp/0xz  T_1.33, 6;
    %load/vec4 v0x1e91a20_0;
    %cmpi/s 15, 0, 32;
    %jmp/0xz  T_1.35, 5;
    %vpi_call 2 120 "$display", "[fulladder] ERROR: %b + %b should produce cout=%b but was %b instead", v0x1e90ff0_0, v0x1e91770_0, v0x1e91e70_0, v0x1e91370_0 {0 0 0};
T_1.35 ;
    %load/vec4 v0x1e91a20_0;
    %addi 1, 0, 32;
    %store/vec4 v0x1e91a20_0, 0, 32;
T_1.33 ;
    %load/vec4 v0x1e91f30_0;
    %load/vec4 v0x1e91440_0;
    %cmp/ne;
    %jmp/0xz  T_1.37, 6;
    %load/vec4 v0x1e91a20_0;
    %cmpi/s 15, 0, 32;
    %jmp/0xz  T_1.39, 5;
    %vpi_call 2 126 "$display", "[fulladder] ERROR: %b + %b should produce sum=%b but was %b instead", v0x1e90ff0_0, v0x1e91770_0, v0x1e91f30_0, v0x1e91440_0 {0 0 0};
T_1.39 ;
    %load/vec4 v0x1e91a20_0;
    %addi 1, 0, 32;
    %store/vec4 v0x1e91a20_0, 0, 32;
T_1.37 ;
    %load/vec4 v0x1e920d0_0;
    %addi 1, 0, 32;
    %store/vec4 v0x1e920d0_0, 0, 32;
    %jmp T_1.31;
T_1.32 ;
    %pushi/vec4 0, 0, 32;
    %store/vec4 v0x1e920d0_0, 0, 32;
T_1.41 ;
    %load/vec4 v0x1e920d0_0;
    %cmpi/s 31, 0, 32;
    %flag_or 5, 4;
    %jmp/0xz T_1.42, 5;
    %load/vec4 v0x1e920d0_0;
    %parti/s 2, 0, 2;
    %store/vec4 v0x1e91090_0, 0, 2;
    %load/vec4 v0x1e920d0_0;
    %parti/s 2, 2, 3;
    %store/vec4 v0x1e91810_0, 0, 2;
    %load/vec4 v0x1e920d0_0;
    %parti/s 1, 4, 4;
    %store/vec4 v0x1e91980_0, 0, 1;
    %delay 6000, 0;
    %load/vec4 v0x1e921b0_0;
    %addi 2, 0, 32;
    %store/vec4 v0x1e921b0_0, 0, 32;
    %load/vec4 v0x1e91ac0_0;
    %load/vec4 v0x1e91210_0;
    %cmp/ne;
    %jmp/0xz  T_1.43, 6;
    %load/vec4 v0x1e91a20_0;
    %cmpi/s 15, 0, 32;
    %jmp/0xz  T_1.45, 5;
    %vpi_call 2 145 "$display", "[fulladder2] ERROR: %b + %b should produce cout=%b but was %b instead", v0x1e91090_0, v0x1e91810_0, v0x1e91ac0_0, v0x1e91210_0 {0 0 0};
T_1.45 ;
    %load/vec4 v0x1e91a20_0;
    %addi 1, 0, 32;
    %store/vec4 v0x1e91a20_0, 0, 32;
T_1.43 ;
    %load/vec4 v0x1e91d90_0;
    %load/vec4 v0x1e912b0_0;
    %cmp/ne;
    %jmp/0xz  T_1.47, 6;
    %load/vec4 v0x1e91a20_0;
    %cmpi/s 15, 0, 32;
    %jmp/0xz  T_1.49, 5;
    %vpi_call 2 151 "$display", "[fulladder2] ERROR: %b + %b should produce sum=%b but was %b instead", v0x1e91090_0, v0x1e91810_0, v0x1e91d90_0, v0x1e912b0_0 {0 0 0};
T_1.49 ;
    %load/vec4 v0x1e91a20_0;
    %addi 1, 0, 32;
    %store/vec4 v0x1e91a20_0, 0, 32;
T_1.47 ;
    %load/vec4 v0x1e920d0_0;
    %addi 1, 0, 32;
    %store/vec4 v0x1e920d0_0, 0, 32;
    %jmp T_1.41;
T_1.42 ;
    %pushi/vec4 0, 0, 32;
    %store/vec4 v0x1e920d0_0, 0, 32;
T_1.51 ;
    %load/vec4 v0x1e920d0_0;
    %cmpi/s 255, 0, 32;
    %flag_or 5, 4;
    %jmp/0xz T_1.52, 5;
    %load/vec4 v0x1e920d0_0;
    %parti/s 4, 0, 2;
    %store/vec4 v0x1e91150_0, 0, 4;
    %load/vec4 v0x1e920d0_0;
    %parti/s 4, 4, 4;
    %store/vec4 v0x1e918e0_0, 0, 4;
    %delay 6000, 0;
    %load/vec4 v0x1e921b0_0;
    %addi 1, 0, 32;
    %store/vec4 v0x1e921b0_0, 0, 32;
    %load/vec4 v0x1e91ff0_0;
    %pad/u 8;
    %load/vec4 v0x1e916a0_0;
    %cmp/ne;
    %jmp/0xz  T_1.53, 6;
    %load/vec4 v0x1e91a20_0;
    %cmpi/s 15, 0, 32;
    %jmp/0xz  T_1.55, 5;
    %vpi_call 2 170 "$display", "[rca4] ERROR: %b + %b should produce sum=%b but was %b instead", v0x1e91150_0, v0x1e918e0_0, v0x1e91ff0_0, v0x1e916a0_0 {0 0 0};
T_1.55 ;
    %load/vec4 v0x1e91a20_0;
    %addi 1, 0, 32;
    %store/vec4 v0x1e91a20_0, 0, 32;
T_1.53 ;
    %load/vec4 v0x1e920d0_0;
    %addi 1, 0, 32;
    %store/vec4 v0x1e920d0_0, 0, 32;
    %jmp T_1.51;
T_1.52 ;
    %load/vec4 v0x1e91a20_0;
    %cmpi/s 15, 0, 32;
    %flag_or 5, 4; GT is !LE
    %flag_inv 5;
    %jmp/0xz  T_1.57, 5;
    %load/vec4 v0x1e91a20_0;
    %subi 15, 0, 32;
    %vpi_call 2 177 "$display", "Additional %d errors NOT printed.", S<0,vec4,s32> {1 0 0};
T_1.57 ;
    %vpi_call 2 179 "$display", "Simulation finished: %d test cases %d errors", v0x1e921b0_0, v0x1e91a20_0 {0 0 0};
    %load/vec4 v0x1e921b0_0;
    %store/vec4 v0x1e89270_0, 0, 32;
    %load/vec4 v0x1e921b0_0;
    %load/vec4 v0x1e91a20_0;
    %sub;
    %store/vec4 v0x1e89170_0, 0, 32;
    %fork TD_test_adders.printPoints, S_0x1e88f90;
    %join;
    %vpi_call 2 181 "$finish" {0 0 0};
    %end;
    .thread T_1;
# The file index is used to find the file name in the following table.
:file_names 5;
    "N/A";
    "<interactive>";
    "rca_testbench.v";
    "rca.v";
    "./print_points.v";
